0 info it worked if it ends with ok
1 verbose cli [ '/home/thomas/.nvm/versions/node/v5.8.0/bin/node',
1 verbose cli   '/home/thomas/.nvm/versions/node/v5.8.0/bin/npm',
1 verbose cli   'publish' ]
2 info using npm@3.7.3
3 info using node@v5.8.0
4 verbose publish [ '.' ]
5 silly cache add args [ '.', null ]
6 verbose cache add spec .
7 silly cache add parsed spec Result {
7 silly cache add   raw: '.',
7 silly cache add   scope: null,
7 silly cache add   name: null,
7 silly cache add   rawSpec: '.',
7 silly cache add   spec: '/home/thomas/workspace/perso/select-and-speak',
7 silly cache add   type: 'directory' }
8 verbose addLocalDirectory /home/thomas/.npm/select-and-speak/0.2.1/package.tgz not in flight; packing
9 verbose correctMkdir /home/thomas/.npm correctMkdir not in flight; initializing
10 info lifecycle select-and-speak@0.2.1~prepublish: select-and-speak@0.2.1
11 verbose lifecycle select-and-speak@0.2.1~prepublish: unsafe-perm in lifecycle true
12 verbose lifecycle select-and-speak@0.2.1~prepublish: PATH: /home/thomas/.nvm/versions/node/v5.8.0/lib/node_modules/npm/bin/node-gyp-bin:/home/thomas/workspace/perso/select-and-speak/node_modules/.bin:/home/thomas/.nvm/versions/node/v5.8.0/bin:/home/thomas/.rvm/gems/ruby-2.2.1/bin:/home/thomas/.rvm/gems/ruby-2.2.1@global/bin:/home/thomas/.rvm/rubies/ruby-2.2.1/bin:/home/thomas/.nvm/versions/node/v5.8.0/bin:/usr/local/sbin:/usr/local/bin:/usr/sbin:/usr/bin:/sbin:/bin:/usr/games:/usr/local/games:/usr/lib/jvm/java-8-oracle/bin:/usr/lib/jvm/java-8-oracle/db/bin:/usr/lib/jvm/java-8-oracle/jre/bin:/home/thomas/.rvm/bin:/home/thomas/.rvm/bin
13 verbose lifecycle select-and-speak@0.2.1~prepublish: CWD: /home/thomas/workspace/perso/select-and-speak
14 silly lifecycle select-and-speak@0.2.1~prepublish: Args: [ '-c', 'npm run compile' ]
15 silly lifecycle select-and-speak@0.2.1~prepublish: Returned: code: 1  signal: null
16 info lifecycle select-and-speak@0.2.1~prepublish: Failed to exec prepublish script
17 error addLocal Could not install /home/thomas/workspace/perso/select-and-speak
18 verbose stack Error: select-and-speak@0.2.1 prepublish: `npm run compile`
18 verbose stack Exit status 1
18 verbose stack     at EventEmitter.<anonymous> (/home/thomas/.nvm/versions/node/v5.8.0/lib/node_modules/npm/lib/utils/lifecycle.js:239:16)
18 verbose stack     at emitTwo (events.js:100:13)
18 verbose stack     at EventEmitter.emit (events.js:185:7)
18 verbose stack     at ChildProcess.<anonymous> (/home/thomas/.nvm/versions/node/v5.8.0/lib/node_modules/npm/lib/utils/spawn.js:24:14)
18 verbose stack     at emitTwo (events.js:100:13)
18 verbose stack     at ChildProcess.emit (events.js:185:7)
18 verbose stack     at maybeClose (internal/child_process.js:850:16)
18 verbose stack     at Process.ChildProcess._handle.onexit (internal/child_process.js:215:5)
19 verbose pkgid select-and-speak@0.2.1
20 verbose cwd /home/thomas/workspace/perso/select-and-speak
21 error Linux 3.17.6-031706-generic
22 error argv "/home/thomas/.nvm/versions/node/v5.8.0/bin/node" "/home/thomas/.nvm/versions/node/v5.8.0/bin/npm" "publish"
23 error node v5.8.0
24 error npm  v3.7.3
25 error code ELIFECYCLE
26 error select-and-speak@0.2.1 prepublish: `npm run compile`
26 error Exit status 1
27 error Failed at the select-and-speak@0.2.1 prepublish script 'npm run compile'.
27 error Make sure you have the latest version of node.js and npm installed.
27 error If you do, this is most likely a problem with the select-and-speak package,
27 error not with npm itself.
27 error Tell the author that this fails on your system:
27 error     npm run compile
27 error You can get information on how to open an issue for this project with:
27 error     npm bugs select-and-speak
27 error Or if that isn't available, you can get their info via:
27 error     npm owner ls select-and-speak
27 error There is likely additional logging output above.
28 verbose exit [ 1, true ]
